<?xml version="1.0" encoding="UTF-8"?>
<!-- Generated by org.testng.reporters.JUnitXMLReporter -->
<testsuite ignored="3" hostname="DESKTOP-I46VA14" failures="0" tests="4" name="RegisterTest" time="24.492" errors="0" timestamp="2024-06-24T09:31:30 CEST">
  <testcase classname="pagetest.RegisterTest" name="registerPageTest" time="4.569"/>
  <testcase classname="pagetest.LoginTest" name="loginPageTest" time="1.999"/>
  <testcase classname="pagetest.AddToCartTest" name="addToCartTest" time="2.947"/>
  <testcase classname="pagetest.CheckoutTest" name="checkoutTest" time="7.475"/>
  <testcase classname="pagetest.BaseTest" name="@BeforeTest setUp" time="0.0">
    <ignored/>
  </testcase> <!-- @BeforeTest setUp -->
  <testcase classname="pagetest.BaseTest" name="@BeforeTest setUp" time="0.0">
    <ignored/>
  </testcase> <!-- @BeforeTest setUp -->
  <testcase classname="pagetest.BaseTest" name="@BeforeTest setUp" time="0.0">
    <ignored/>
  </testcase> <!-- @BeforeTest setUp -->
</testsuite> <!-- RegisterTest -->
