<?xml version="1.0" encoding="UTF-8"?>
<testsuite xmlns:xsi="http://www.w3.org/2001/XMLSchema-instance" xsi:noNamespaceSchemaLocation="https://maven.apache.org/surefire/maven-surefire-plugin/xsd/surefire-test-report-3.0.xsd" version="3.0" name="TestSuite" time="25.459" tests="4" errors="0" skipped="0" failures="0">
  <properties>
[...]
</properties>
  <testcase name="registerPageTest[Ameni, Mhamdi, 10, April, 2022, amanimhamdi681@gmail.com, QA, 1234M???87, 1234M???87](1)" classname="pagetest.RegisterTest" time="4.656">
    <system-err><![CDATA[SLF4J: Failed to load class "org.slf4j.impl.StaticLoggerBinder".
SLF4J: Defaulting to no-operation (NOP) logger implementation
SLF4J: See http://www.slf4j.org/codes.html#StaticLoggerBinder for further details.
Jun 24, 2024 9:31:07 AM org.openqa.selenium.devtools.CdpVersionFinder findNearestMatch
WARNING: Unable to find an exact match for CDP version 126, returning the closest version; found: 125; Please update to a Selenium version that supports CDP version 126
]]></system-err>
  </testcase>
  <testcase name="loginPageTest[Ameni, Mhamdi, 10, April, 2022, amanimhamdi681@gmail.com, QA, 1234M???87, 1234M???87](1)" classname="pagetest.LoginTest" time="2.003"/>
  <testcase name="addToCartTest" classname="pagetest.AddToCartTest" time="2.948"/>
  <testcase name="checkoutTest[Djerba, Djerba15Km, Djerba15Km, 1500, 58687201, 75879254](1)" classname="pagetest.CheckoutTest" time="7.476"/>
</testsuite>